Arguments: 
  C:\Program Files\nodejs\node.exe C:\Users\dahye\AppData\Roaming\npm\node_modules\yarn\bin\yarn.js add qs

PATH: 
  C:\Users\dahye\bin;C:\Program Files\Git\mingw64\bin;C:\Program Files\Git\usr\local\bin;C:\Program Files\Git\usr\bin;C:\Program Files\Git\usr\bin;C:\Program Files\Git\mingw64\bin;C:\Program Files\Git\usr\bin;C:\Users\dahye\bin;C:\WINDOWS\system32;C:\WINDOWS;C:\WINDOWS\System32\Wbem;C:\WINDOWS\System32\WindowsPowerShell\v1.0;C:\WINDOWS\System32\OpenSSH;C:\Program Files\nodejs;C:\Program Files\Git\cmd;C:\Users\dahye\AppData\Roaming\Microsoft\Windows\Start Menu\Programs\Python 3.10;C:\Program Files\PuTTY;C:\Users\dahye\AppData\Local\Programs\Python\Python310\Scripts;C:\Users\dahye\AppData\Local\Programs\Python\Python310;C:\Users\dahye\AppData\Local\Microsoft\WindowsApps;C:\Users\dahye\AppData\Local\Programs\Microsoft VS Code\bin;C:\Users\dahye\AppData\Roaming\npm;C:\Users\dahye\AppData\Local\Programs\Hyper\resources\bin;C:\Users\dahye\AppData\Local\GitHubDesktop\bin;C:\Program Files\heroku\bin;C:\Program Files\Git\usr\bin\vendor_perl;C:\Program Files\Git\usr\bin\core_perl

Yarn version: 
  1.22.17

Node version: 
  16.13.2

Platform: 
  win32 x64

Trace: 
  Error: EPERM: operation not permitted, copyfile 'C:\Users\dahye\AppData\Local\Yarn\Cache\v6\npm-@pmmmwh-react-refresh-webpack-plugin-0.5.5-e77aac783bd079f548daa0a7f080ab5b5a9741ca-integrity\node_modules\@pmmmwh\react-refresh-webpack-plugin\package.json' -> 'C:\Users\dahye\Desktop\Toy\Comboard-client\node_modules\@pmmmwh\react-refresh-webpack-plugin\package.json'

npm manifest: 
  {
    "name": "board",
    "version": "0.1.0",
    "private": true,
    "dependencies": {
      "@emotion/react": "^11.8.2",
      "@emotion/styled": "^11.8.1",
      "@mui/material": "^5.5.0",
      "@reduxjs/toolkit": "^1.8.0",
      "@testing-library/jest-dom": "^5.16.2",
      "@testing-library/react": "^12.1.3",
      "@testing-library/user-event": "^13.5.0",
      "@types/jest": "^27.4.1",
      "@types/node": "^16.11.26",
      "@types/react": "^17.0.39",
      "@types/react-dom": "^17.0.11",
      "@types/react-icons": "^3.0.0",
      "@types/react-router": "^5.1.18",
      "@types/react-router-dom": "^5.3.3",
      "@types/styled-components": "^5.1.23",
      "axios": "^0.26.0",
      "cloudinary": "^1.28.1",
      "moment": "^2.29.1",
      "react": "^17.0.2",
      "react-dom": "^17.0.2",
      "react-icons": "^4.3.1",
      "react-redux": "^7.2.6",
      "react-router": "^6.2.1",
      "react-router-dom": "^6.2.1",
      "react-scripts": "5.0.0",
      "styled-components": "^5.3.3",
      "styled-reset": "^4.3.4",
      "typescript": "^4.5.5",
      "universal-cookie": "^4.0.4",
      "web-vitals": "^2.1.4"
    },
    "scripts": {
      "start": "react-scripts start",
      "build": "react-scripts build",
      "test": "react-scripts test",
      "eject": "react-scripts eject"
    },
    "eslintConfig": {
      "extends": [
        "react-app",
        "react-app/jest"
      ]
    },
    "browserslist": {
      "production": [
        ">0.2%",
        "not dead",
        "not op_mini all"
      ],
      "development": [
        "last 1 chrome version",
        "last 1 firefox version",
        "last 1 safari version"
      ]
    }
  }

yarn manifest: 
  No manifest

Lockfile: 
  No lockfile
